{"C:\\Users\\Mohan Krishna\\Documents\\Delivery food app react\\src\\components\\Body.js": {"path":"C:\\Users\\Mohan Krishna\\Documents\\Delivery food app react\\src\\components\\Body.js","statementMap":{"0":{"start":{"line":8,"column":13},"end":{"line":98,"column":1}},"1":{"start":{"line":9,"column":50},"end":{"line":9,"column":62}},"2":{"start":{"line":10,"column":38},"end":{"line":10,"column":50}},"3":{"start":{"line":11,"column":54},"end":{"line":11,"column":66}},"4":{"start":{"line":13,"column":23},"end":{"line":13,"column":40}},"5":{"start":{"line":15,"column":33},"end":{"line":15,"column":66}},"6":{"start":{"line":19,"column":4},"end":{"line":19,"column":113}},"7":{"start":{"line":22,"column":19},"end":{"line":22,"column":39}},"8":{"start":{"line":25,"column":2},"end":{"line":33,"column":17}},"9":{"start":{"line":26,"column":4},"end":{"line":32,"column":5}},"10":{"start":{"line":28,"column":8},"end":{"line":29,"column":23}},"11":{"start":{"line":30,"column":6},"end":{"line":30,"column":43}},"12":{"start":{"line":31,"column":6},"end":{"line":31,"column":45}},"13":{"start":{"line":35,"column":2},"end":{"line":35,"column":64}},"14":{"start":{"line":35,"column":21},"end":{"line":35,"column":64}},"15":{"start":{"line":37,"column":2},"end":{"line":97,"column":4}},"16":{"start":{"line":49,"column":29},"end":{"line":49,"column":58}},"17":{"start":{"line":54,"column":32},"end":{"line":56,"column":15}},"18":{"start":{"line":55,"column":16},"end":{"line":55,"column":78}},"19":{"start":{"line":57,"column":14},"end":{"line":59,"column":60}},"20":{"start":{"line":69,"column":34},"end":{"line":71,"column":15}},"21":{"start":{"line":70,"column":25},"end":{"line":70,"column":47}},"22":{"start":{"line":72,"column":14},"end":{"line":72,"column":50}},"23":{"start":{"line":83,"column":12},"end":{"line":92,"column":19}}},"fnMap":{"0":{"name":"(anonymous_0)","decl":{"start":{"line":8,"column":13},"end":{"line":8,"column":14}},"loc":{"start":{"line":8,"column":19},"end":{"line":98,"column":1}},"line":8},"1":{"name":"(anonymous_1)","decl":{"start":{"line":25,"column":12},"end":{"line":25,"column":13}},"loc":{"start":{"line":25,"column":18},"end":{"line":33,"column":3}},"line":25},"2":{"name":"(anonymous_2)","decl":{"start":{"line":49,"column":22},"end":{"line":49,"column":23}},"loc":{"start":{"line":49,"column":29},"end":{"line":49,"column":58}},"line":49},"3":{"name":"(anonymous_3)","decl":{"start":{"line":53,"column":21},"end":{"line":53,"column":22}},"loc":{"start":{"line":53,"column":27},"end":{"line":60,"column":13}},"line":53},"4":{"name":"(anonymous_4)","decl":{"start":{"line":54,"column":58},"end":{"line":54,"column":59}},"loc":{"start":{"line":55,"column":16},"end":{"line":55,"column":78}},"line":55},"5":{"name":"(anonymous_5)","decl":{"start":{"line":68,"column":21},"end":{"line":68,"column":22}},"loc":{"start":{"line":68,"column":27},"end":{"line":73,"column":13}},"line":68},"6":{"name":"(anonymous_6)","decl":{"start":{"line":70,"column":16},"end":{"line":70,"column":17}},"loc":{"start":{"line":70,"column":25},"end":{"line":70,"column":47}},"line":70},"7":{"name":"(anonymous_7)","decl":{"start":{"line":82,"column":36},"end":{"line":82,"column":37}},"loc":{"start":{"line":83,"column":12},"end":{"line":92,"column":19}},"line":83}},"branchMap":{"0":{"loc":{"start":{"line":26,"column":4},"end":{"line":32,"column":5}},"type":"if","locations":[{"start":{"line":26,"column":4},"end":{"line":32,"column":5}},{"start":{},"end":{}}],"line":26},"1":{"loc":{"start":{"line":35,"column":2},"end":{"line":35,"column":64}},"type":"if","locations":[{"start":{"line":35,"column":2},"end":{"line":35,"column":64}},{"start":{},"end":{}}],"line":35},"2":{"loc":{"start":{"line":37,"column":9},"end":{"line":97,"column":3}},"type":"cond-expr","locations":[{"start":{"line":38,"column":4},"end":{"line":38,"column":15}},{"start":{"line":40,"column":4},"end":{"line":96,"column":10}}],"line":37},"3":{"loc":{"start":{"line":57,"column":14},"end":{"line":59,"column":59}},"type":"cond-expr","locations":[{"start":{"line":58,"column":18},"end":{"line":58,"column":51}},{"start":{"line":59,"column":18},"end":{"line":59,"column":59}}],"line":57},"4":{"loc":{"start":{"line":87,"column":15},"end":{"line":91,"column":15}},"type":"cond-expr","locations":[{"start":{"line":88,"column":16},"end":{"line":88,"column":63}},{"start":{"line":90,"column":16},"end":{"line":90,"column":55}}],"line":87}},"s":{"0":1,"1":9,"2":9,"3":9,"4":9,"5":9,"6":9,"7":9,"8":9,"9":4,"10":2,"11":2,"12":2,"13":9,"14":0,"15":9,"16":1,"17":1,"18":0,"19":1,"20":1,"21":0,"22":1,"23":0},"f":{"0":9,"1":4,"2":1,"3":1,"4":0,"5":1,"6":0,"7":0},"b":{"0":[2,2],"1":[0,9],"2":[4,5],"3":[1,0],"4":[0,0]},"_coverageSchema":"1a1c01bbd47fc00a2c39e90264f33305004495a9","hash":"2e7176f84f439bf9d71c2fcbb6682e6a49052f83"}
,"C:\\Users\\Mohan Krishna\\Documents\\Delivery food app react\\src\\components\\Cart.js": {"path":"C:\\Users\\Mohan Krishna\\Documents\\Delivery food app react\\src\\components\\Cart.js","statementMap":{"0":{"start":{"line":6,"column":13},"end":{"line":34,"column":1}},"1":{"start":{"line":7,"column":20},"end":{"line":7,"column":60}},"2":{"start":{"line":7,"column":43},"end":{"line":7,"column":59}},"3":{"start":{"line":9,"column":2},"end":{"line":9,"column":25}},"4":{"start":{"line":11,"column":19},"end":{"line":11,"column":32}},"5":{"start":{"line":13,"column":26},"end":{"line":15,"column":3}},"6":{"start":{"line":14,"column":4},"end":{"line":14,"column":26}},"7":{"start":{"line":17,"column":2},"end":{"line":33,"column":4}}},"fnMap":{"0":{"name":"(anonymous_0)","decl":{"start":{"line":6,"column":13},"end":{"line":6,"column":14}},"loc":{"start":{"line":6,"column":19},"end":{"line":34,"column":1}},"line":6},"1":{"name":"(anonymous_1)","decl":{"start":{"line":7,"column":32},"end":{"line":7,"column":33}},"loc":{"start":{"line":7,"column":43},"end":{"line":7,"column":59}},"line":7},"2":{"name":"(anonymous_2)","decl":{"start":{"line":13,"column":26},"end":{"line":13,"column":27}},"loc":{"start":{"line":13,"column":32},"end":{"line":15,"column":3}},"line":13}},"branchMap":{"0":{"loc":{"start":{"line":27,"column":9},"end":{"line":29,"column":9}},"type":"binary-expr","locations":[{"start":{"line":27,"column":9},"end":{"line":27,"column":32}},{"start":{"line":28,"column":10},"end":{"line":28,"column":57}}],"line":27}},"s":{"0":1,"1":4,"2":8,"3":4,"4":4,"5":4,"6":1,"7":4},"f":{"0":4,"1":8,"2":1},"b":{"0":[4,2]},"_coverageSchema":"1a1c01bbd47fc00a2c39e90264f33305004495a9","hash":"f0dcaf842067749959475befc20be2e70e6f9a75"}
,"C:\\Users\\Mohan Krishna\\Documents\\Delivery food app react\\src\\components\\Contact.js": {"path":"C:\\Users\\Mohan Krishna\\Documents\\Delivery food app react\\src\\components\\Contact.js","statementMap":{"0":{"start":{"line":1,"column":16},"end":{"line":22,"column":1}},"1":{"start":{"line":2,"column":2},"end":{"line":21,"column":4}}},"fnMap":{"0":{"name":"(anonymous_0)","decl":{"start":{"line":1,"column":16},"end":{"line":1,"column":17}},"loc":{"start":{"line":1,"column":22},"end":{"line":22,"column":1}},"line":1}},"branchMap":{},"s":{"0":1,"1":4},"f":{"0":4},"b":{},"_coverageSchema":"1a1c01bbd47fc00a2c39e90264f33305004495a9","hash":"4636f220280d46e1b5cbaf9b4aa904c0ce348d01"}
,"C:\\Users\\Mohan Krishna\\Documents\\Delivery food app react\\src\\components\\Header.js": {"path":"C:\\Users\\Mohan Krishna\\Documents\\Delivery food app react\\src\\components\\Header.js","statementMap":{"0":{"start":{"line":6,"column":15},"end":{"line":52,"column":1}},"1":{"start":{"line":7,"column":38},"end":{"line":7,"column":55}},"2":{"start":{"line":9,"column":20},"end":{"line":9,"column":60}},"3":{"start":{"line":9,"column":43},"end":{"line":9,"column":59}},"4":{"start":{"line":11,"column":2},"end":{"line":51,"column":4}},"5":{"start":{"line":41,"column":14},"end":{"line":43,"column":40}}},"fnMap":{"0":{"name":"(anonymous_0)","decl":{"start":{"line":6,"column":15},"end":{"line":6,"column":16}},"loc":{"start":{"line":6,"column":21},"end":{"line":52,"column":1}},"line":6},"1":{"name":"(anonymous_1)","decl":{"start":{"line":9,"column":32},"end":{"line":9,"column":33}},"loc":{"start":{"line":9,"column":43},"end":{"line":9,"column":59}},"line":9},"2":{"name":"(anonymous_2)","decl":{"start":{"line":40,"column":21},"end":{"line":40,"column":22}},"loc":{"start":{"line":41,"column":14},"end":{"line":43,"column":40}},"line":41}},"branchMap":{"0":{"loc":{"start":{"line":41,"column":14},"end":{"line":43,"column":40}},"type":"cond-expr","locations":[{"start":{"line":42,"column":18},"end":{"line":42,"column":41}},{"start":{"line":43,"column":18},"end":{"line":43,"column":40}}],"line":41}},"s":{"0":2,"1":9,"2":9,"3":17,"4":9,"5":1},"f":{"0":9,"1":17,"2":1},"b":{"0":[1,0]},"_coverageSchema":"1a1c01bbd47fc00a2c39e90264f33305004495a9","hash":"39c4fe7a5c9510b2c82a963a685110e8cc679de5"}
,"C:\\Users\\Mohan Krishna\\Documents\\Delivery food app react\\src\\components\\ItemList.js": {"path":"C:\\Users\\Mohan Krishna\\Documents\\Delivery food app react\\src\\components\\ItemList.js","statementMap":{"0":{"start":{"line":6,"column":17},"end":{"line":55,"column":1}},"1":{"start":{"line":7,"column":19},"end":{"line":7,"column":32}},"2":{"start":{"line":9,"column":24},"end":{"line":12,"column":3}},"3":{"start":{"line":11,"column":4},"end":{"line":11,"column":28}},"4":{"start":{"line":14,"column":2},"end":{"line":54,"column":4}},"5":{"start":{"line":17,"column":8},"end":{"line":51,"column":13}},"6":{"start":{"line":34,"column":31},"end":{"line":34,"column":50}}},"fnMap":{"0":{"name":"(anonymous_0)","decl":{"start":{"line":6,"column":17},"end":{"line":6,"column":18}},"loc":{"start":{"line":6,"column":32},"end":{"line":55,"column":1}},"line":6},"1":{"name":"(anonymous_1)","decl":{"start":{"line":9,"column":24},"end":{"line":9,"column":25}},"loc":{"start":{"line":9,"column":34},"end":{"line":12,"column":3}},"line":9},"2":{"name":"(anonymous_2)","decl":{"start":{"line":16,"column":17},"end":{"line":16,"column":18}},"loc":{"start":{"line":17,"column":8},"end":{"line":51,"column":13}},"line":17},"3":{"name":"(anonymous_3)","decl":{"start":{"line":34,"column":25},"end":{"line":34,"column":26}},"loc":{"start":{"line":34,"column":31},"end":{"line":34,"column":50}},"line":34}},"branchMap":{"0":{"loc":{"start":{"line":21,"column":12},"end":{"line":21,"column":75}},"type":"cond-expr","locations":[{"start":{"line":21,"column":39},"end":{"line":21,"column":70}},{"start":{"line":21,"column":73},"end":{"line":21,"column":75}}],"line":21},"1":{"loc":{"start":{"line":26,"column":15},"end":{"line":32,"column":15}},"type":"binary-expr","locations":[{"start":{"line":26,"column":15},"end":{"line":26,"column":37}},{"start":{"line":27,"column":16},"end":{"line":31,"column":18}}],"line":26},"2":{"loc":{"start":{"line":48,"column":16},"end":{"line":48,"column":67}},"type":"binary-expr","locations":[{"start":{"line":48,"column":16},"end":{"line":48,"column":36}},{"start":{"line":48,"column":40},"end":{"line":48,"column":67}}],"line":48}},"s":{"0":1,"1":5,"2":5,"3":2,"4":5,"5":8,"6":2},"f":{"0":5,"1":2,"2":8,"3":2},"b":{"0":[5,3],"1":[8,8],"2":[8,1]},"_coverageSchema":"1a1c01bbd47fc00a2c39e90264f33305004495a9","hash":"c5938fb0cbd239eefbd3dc6d55814987b254d5ac"}
,"C:\\Users\\Mohan Krishna\\Documents\\Delivery food app react\\src\\components\\RestaurantCard.js": {"path":"C:\\Users\\Mohan Krishna\\Documents\\Delivery food app react\\src\\components\\RestaurantCard.js","statementMap":{"0":{"start":{"line":3,"column":23},"end":{"line":34,"column":1}},"1":{"start":{"line":4,"column":22},"end":{"line":4,"column":27}},"2":{"start":{"line":13,"column":6},"end":{"line":13,"column":25}},"3":{"start":{"line":15,"column":2},"end":{"line":33,"column":4}},"4":{"start":{"line":36,"column":33},"end":{"line":45,"column":1}},"5":{"start":{"line":37,"column":2},"end":{"line":44,"column":4}},"6":{"start":{"line":38,"column":4},"end":{"line":43,"column":6}}},"fnMap":{"0":{"name":"(anonymous_0)","decl":{"start":{"line":3,"column":23},"end":{"line":3,"column":24}},"loc":{"start":{"line":3,"column":34},"end":{"line":34,"column":1}},"line":3},"1":{"name":"(anonymous_1)","decl":{"start":{"line":36,"column":33},"end":{"line":36,"column":34}},"loc":{"start":{"line":36,"column":53},"end":{"line":45,"column":1}},"line":36},"2":{"name":"(anonymous_2)","decl":{"start":{"line":37,"column":9},"end":{"line":37,"column":10}},"loc":{"start":{"line":37,"column":20},"end":{"line":44,"column":3}},"line":37}},"branchMap":{"0":{"loc":{"start":{"line":13,"column":6},"end":{"line":13,"column":25}},"type":"binary-expr","locations":[{"start":{"line":13,"column":6},"end":{"line":13,"column":19}},{"start":{"line":13,"column":23},"end":{"line":13,"column":25}}],"line":13}},"s":{"0":2,"1":1,"2":1,"3":1,"4":2,"5":9,"6":0},"f":{"0":1,"1":9,"2":0},"b":{"0":[1,1]},"_coverageSchema":"1a1c01bbd47fc00a2c39e90264f33305004495a9","hash":"40fd242d072d891e3a8f8f3abd9da9971f63104b"}
,"C:\\Users\\Mohan Krishna\\Documents\\Delivery food app react\\src\\components\\RestaurantCategory.js": {"path":"C:\\Users\\Mohan Krishna\\Documents\\Delivery food app react\\src\\components\\RestaurantCategory.js","statementMap":{"0":{"start":{"line":4,"column":27},"end":{"line":25,"column":1}},"1":{"start":{"line":5,"column":2},"end":{"line":24,"column":4}}},"fnMap":{"0":{"name":"(anonymous_0)","decl":{"start":{"line":4,"column":27},"end":{"line":4,"column":28}},"loc":{"start":{"line":4,"column":72},"end":{"line":25,"column":1}},"line":4}},"branchMap":{"0":{"loc":{"start":{"line":16,"column":12},"end":{"line":16,"column":49}},"type":"cond-expr","locations":[{"start":{"line":16,"column":24},"end":{"line":16,"column":36}},{"start":{"line":16,"column":39},"end":{"line":16,"column":49}}],"line":16},"1":{"loc":{"start":{"line":22,"column":7},"end":{"line":22,"column":69}},"type":"binary-expr","locations":[{"start":{"line":22,"column":7},"end":{"line":22,"column":16}},{"start":{"line":22,"column":20},"end":{"line":22,"column":69}}],"line":22}},"s":{"0":1,"1":50},"f":{"0":50},"b":{"0":[1,49],"1":[50,1]},"_coverageSchema":"1a1c01bbd47fc00a2c39e90264f33305004495a9","hash":"8fc90150fc82064e9d3df3401f85d382e2dac407"}
,"C:\\Users\\Mohan Krishna\\Documents\\Delivery food app react\\src\\components\\RestaurantMenu.js": {"path":"C:\\Users\\Mohan Krishna\\Documents\\Delivery food app react\\src\\components\\RestaurantMenu.js","statementMap":{"0":{"start":{"line":8,"column":23},"end":{"line":57,"column":1}},"1":{"start":{"line":9,"column":20},"end":{"line":9,"column":31}},"2":{"start":{"line":10,"column":18},"end":{"line":10,"column":48}},"3":{"start":{"line":12,"column":42},"end":{"line":12,"column":56}},"4":{"start":{"line":14,"column":25},"end":{"line":20,"column":3}},"5":{"start":{"line":15,"column":4},"end":{"line":19,"column":5}},"6":{"start":{"line":16,"column":6},"end":{"line":16,"column":28}},"7":{"start":{"line":18,"column":6},"end":{"line":18,"column":29}},"8":{"start":{"line":22,"column":2},"end":{"line":24,"column":3}},"9":{"start":{"line":23,"column":4},"end":{"line":23,"column":23}},"10":{"start":{"line":27,"column":4},"end":{"line":27,"column":38}},"11":{"start":{"line":30,"column":4},"end":{"line":34,"column":5}},"12":{"start":{"line":32,"column":8},"end":{"line":33,"column":70}},"13":{"start":{"line":36,"column":2},"end":{"line":56,"column":4}},"14":{"start":{"line":46,"column":12},"end":{"line":51,"column":14}},"15":{"start":{"line":50,"column":36},"end":{"line":50,"column":57}}},"fnMap":{"0":{"name":"(anonymous_0)","decl":{"start":{"line":8,"column":23},"end":{"line":8,"column":24}},"loc":{"start":{"line":8,"column":29},"end":{"line":57,"column":1}},"line":8},"1":{"name":"(anonymous_1)","decl":{"start":{"line":14,"column":25},"end":{"line":14,"column":26}},"loc":{"start":{"line":14,"column":36},"end":{"line":20,"column":3}},"line":14},"2":{"name":"(anonymous_2)","decl":{"start":{"line":31,"column":6},"end":{"line":31,"column":7}},"loc":{"start":{"line":32,"column":8},"end":{"line":33,"column":70}},"line":32},"3":{"name":"(anonymous_3)","decl":{"start":{"line":45,"column":26},"end":{"line":45,"column":27}},"loc":{"start":{"line":46,"column":12},"end":{"line":51,"column":14}},"line":46},"4":{"name":"(anonymous_4)","decl":{"start":{"line":50,"column":30},"end":{"line":50,"column":31}},"loc":{"start":{"line":50,"column":36},"end":{"line":50,"column":57}},"line":50}},"branchMap":{"0":{"loc":{"start":{"line":15,"column":4},"end":{"line":19,"column":5}},"type":"if","locations":[{"start":{"line":15,"column":4},"end":{"line":19,"column":5}},{"start":{"line":17,"column":11},"end":{"line":19,"column":5}}],"line":15},"1":{"loc":{"start":{"line":22,"column":2},"end":{"line":24,"column":3}},"type":"if","locations":[{"start":{"line":22,"column":2},"end":{"line":24,"column":3}},{"start":{},"end":{}}],"line":22}},"s":{"0":1,"1":3,"2":3,"3":3,"4":3,"5":1,"6":0,"7":1,"8":3,"9":1,"10":2,"11":2,"12":58,"13":2,"14":50,"15":1},"f":{"0":3,"1":1,"2":58,"3":50,"4":1},"b":{"0":[0,1],"1":[1,2]},"_coverageSchema":"1a1c01bbd47fc00a2c39e90264f33305004495a9","hash":"227fa2e54c83da90c96a00e72c82feb1a5640b77"}
,"C:\\Users\\Mohan Krishna\\Documents\\Delivery food app react\\src\\components\\Shimmer.js": {"path":"C:\\Users\\Mohan Krishna\\Documents\\Delivery food app react\\src\\components\\Shimmer.js","statementMap":{"0":{"start":{"line":1,"column":16},"end":{"line":15,"column":1}},"1":{"start":{"line":2,"column":2},"end":{"line":14,"column":4}}},"fnMap":{"0":{"name":"(anonymous_0)","decl":{"start":{"line":1,"column":16},"end":{"line":1,"column":17}},"loc":{"start":{"line":1,"column":22},"end":{"line":15,"column":1}},"line":1}},"branchMap":{},"s":{"0":2,"1":5},"f":{"0":5},"b":{},"_coverageSchema":"1a1c01bbd47fc00a2c39e90264f33305004495a9","hash":"1a6850e6dfc93d482e8dc657388c45847fa7fa1c"}
,"C:\\Users\\Mohan Krishna\\Documents\\Delivery food app react\\src\\components\\sum.js": {"path":"C:\\Users\\Mohan Krishna\\Documents\\Delivery food app react\\src\\components\\sum.js","statementMap":{"0":{"start":{"line":1,"column":19},"end":{"line":3,"column":1}},"1":{"start":{"line":2,"column":2},"end":{"line":2,"column":15}}},"fnMap":{"0":{"name":"(anonymous_0)","decl":{"start":{"line":1,"column":19},"end":{"line":1,"column":20}},"loc":{"start":{"line":1,"column":29},"end":{"line":3,"column":1}},"line":1}},"branchMap":{},"s":{"0":1,"1":1},"f":{"0":1},"b":{},"_coverageSchema":"1a1c01bbd47fc00a2c39e90264f33305004495a9","hash":"54b879e2a6b04d8e1a13eceb19ff050e9662e399"}
,"C:\\Users\\Mohan Krishna\\Documents\\Delivery food app react\\src\\utils\\appStore.js": {"path":"C:\\Users\\Mohan Krishna\\Documents\\Delivery food app react\\src\\utils\\appStore.js","statementMap":{"0":{"start":{"line":4,"column":17},"end":{"line":8,"column":2}}},"fnMap":{},"branchMap":{},"s":{"0":2},"f":{},"b":{},"_coverageSchema":"1a1c01bbd47fc00a2c39e90264f33305004495a9","hash":"a57530e00590aba40c3d5aedd6065b6ea8ee8a5c"}
,"C:\\Users\\Mohan Krishna\\Documents\\Delivery food app react\\src\\utils\\cartSlice.js": {"path":"C:\\Users\\Mohan Krishna\\Documents\\Delivery food app react\\src\\utils\\cartSlice.js","statementMap":{"0":{"start":{"line":3,"column":18},"end":{"line":22,"column":2}},"1":{"start":{"line":11,"column":6},"end":{"line":11,"column":39}},"2":{"start":{"line":14,"column":6},"end":{"line":14,"column":24}},"3":{"start":{"line":19,"column":6},"end":{"line":19,"column":29}},"4":{"start":{"line":24,"column":50},"end":{"line":24,"column":67}}},"fnMap":{"0":{"name":"(anonymous_0)","decl":{"start":{"line":9,"column":13},"end":{"line":9,"column":14}},"loc":{"start":{"line":9,"column":32},"end":{"line":12,"column":5}},"line":9},"1":{"name":"(anonymous_1)","decl":{"start":{"line":13,"column":16},"end":{"line":13,"column":17}},"loc":{"start":{"line":13,"column":35},"end":{"line":15,"column":5}},"line":13},"2":{"name":"(anonymous_2)","decl":{"start":{"line":17,"column":15},"end":{"line":17,"column":16}},"loc":{"start":{"line":17,"column":34},"end":{"line":20,"column":5}},"line":17}},"branchMap":{},"s":{"0":2,"1":2,"2":0,"3":1,"4":2},"f":{"0":2,"1":0,"2":1},"b":{},"_coverageSchema":"1a1c01bbd47fc00a2c39e90264f33305004495a9","hash":"588ac78a540ba982f70a1bf06421d91b044c532c"}
,"C:\\Users\\Mohan Krishna\\Documents\\Delivery food app react\\src\\utils\\constants.js": {"path":"C:\\Users\\Mohan Krishna\\Documents\\Delivery food app react\\src\\utils\\constants.js","statementMap":{"0":{"start":{"line":2,"column":2},"end":{"line":2,"column":93}},"1":{"start":{"line":5,"column":2},"end":{"line":5,"column":104}},"2":{"start":{"line":8,"column":2},"end":{"line":8,"column":125}}},"fnMap":{},"branchMap":{},"s":{"0":4,"1":4,"2":4},"f":{},"b":{},"_coverageSchema":"1a1c01bbd47fc00a2c39e90264f33305004495a9","hash":"22404dd9a099699b3fa2789cff7031c4604fbc56"}
,"C:\\Users\\Mohan Krishna\\Documents\\Delivery food app react\\src\\utils\\useFetchData.js": {"path":"C:\\Users\\Mohan Krishna\\Documents\\Delivery food app react\\src\\utils\\useFetchData.js","statementMap":{"0":{"start":{"line":3,"column":21},"end":{"line":17,"column":1}},"1":{"start":{"line":4,"column":26},"end":{"line":4,"column":40}},"2":{"start":{"line":6,"column":2},"end":{"line":8,"column":9}},"3":{"start":{"line":7,"column":4},"end":{"line":7,"column":16}},"4":{"start":{"line":10,"column":20},"end":{"line":14,"column":3}},"5":{"start":{"line":11,"column":17},"end":{"line":11,"column":33}},"6":{"start":{"line":12,"column":17},"end":{"line":12,"column":34}},"7":{"start":{"line":13,"column":4},"end":{"line":13,"column":23}},"8":{"start":{"line":16,"column":2},"end":{"line":16,"column":14}}},"fnMap":{"0":{"name":"(anonymous_0)","decl":{"start":{"line":3,"column":21},"end":{"line":3,"column":22}},"loc":{"start":{"line":3,"column":30},"end":{"line":17,"column":1}},"line":3},"1":{"name":"(anonymous_1)","decl":{"start":{"line":6,"column":12},"end":{"line":6,"column":13}},"loc":{"start":{"line":6,"column":18},"end":{"line":8,"column":3}},"line":6},"2":{"name":"(anonymous_2)","decl":{"start":{"line":10,"column":20},"end":{"line":10,"column":21}},"loc":{"start":{"line":10,"column":32},"end":{"line":14,"column":3}},"line":10}},"branchMap":{},"s":{"0":2,"1":12,"2":12,"3":3,"4":12,"5":3,"6":3,"7":3,"8":12},"f":{"0":12,"1":3,"2":3},"b":{},"_coverageSchema":"1a1c01bbd47fc00a2c39e90264f33305004495a9","hash":"fa0aba82696d1da71ad40509713b022b398c6524"}
,"C:\\Users\\Mohan Krishna\\Documents\\Delivery food app react\\src\\utils\\useOnlineStatus.js": {"path":"C:\\Users\\Mohan Krishna\\Documents\\Delivery food app react\\src\\utils\\useOnlineStatus.js","statementMap":{"0":{"start":{"line":3,"column":24},"end":{"line":15,"column":1}},"1":{"start":{"line":4,"column":42},"end":{"line":4,"column":56}},"2":{"start":{"line":6,"column":2},"end":{"line":13,"column":9}},"3":{"start":{"line":7,"column":4},"end":{"line":9,"column":7}},"4":{"start":{"line":8,"column":6},"end":{"line":8,"column":28}},"5":{"start":{"line":10,"column":4},"end":{"line":12,"column":7}},"6":{"start":{"line":11,"column":6},"end":{"line":11,"column":29}},"7":{"start":{"line":14,"column":2},"end":{"line":14,"column":22}}},"fnMap":{"0":{"name":"(anonymous_0)","decl":{"start":{"line":3,"column":24},"end":{"line":3,"column":25}},"loc":{"start":{"line":3,"column":30},"end":{"line":15,"column":1}},"line":3},"1":{"name":"(anonymous_1)","decl":{"start":{"line":6,"column":12},"end":{"line":6,"column":13}},"loc":{"start":{"line":6,"column":18},"end":{"line":13,"column":3}},"line":6},"2":{"name":"(anonymous_2)","decl":{"start":{"line":7,"column":38},"end":{"line":7,"column":39}},"loc":{"start":{"line":7,"column":44},"end":{"line":9,"column":5}},"line":7},"3":{"name":"(anonymous_3)","decl":{"start":{"line":10,"column":39},"end":{"line":10,"column":40}},"loc":{"start":{"line":10,"column":45},"end":{"line":12,"column":5}},"line":10}},"branchMap":{},"s":{"0":1,"1":9,"2":9,"3":2,"4":0,"5":2,"6":0,"7":9},"f":{"0":9,"1":2,"2":0,"3":0},"b":{},"_coverageSchema":"1a1c01bbd47fc00a2c39e90264f33305004495a9","hash":"795971d248b035002bb78d99770e37807ca3ccfd"}
}
