TN:
SF:src\components\Body.js
FN:8,(anonymous_0)
FN:25,(anonymous_1)
FN:49,(anonymous_2)
FN:53,(anonymous_3)
FN:54,(anonymous_4)
FN:68,(anonymous_5)
FN:70,(anonymous_6)
FN:82,(anonymous_7)
FNF:8
FNH:5
FNDA:9,(anonymous_0)
FNDA:4,(anonymous_1)
FNDA:1,(anonymous_2)
FNDA:1,(anonymous_3)
FNDA:0,(anonymous_4)
FNDA:1,(anonymous_5)
FNDA:0,(anonymous_6)
FNDA:0,(anonymous_7)
DA:8,1
DA:9,9
DA:10,9
DA:11,9
DA:13,9
DA:15,9
DA:19,9
DA:22,9
DA:25,9
DA:26,4
DA:28,2
DA:30,2
DA:31,2
DA:35,9
DA:37,9
DA:49,1
DA:54,1
DA:55,0
DA:57,1
DA:69,1
DA:70,0
DA:72,1
DA:83,0
LF:23
LH:20
BRDA:26,0,0,2
BRDA:26,0,1,2
BRDA:35,1,0,0
BRDA:35,1,1,9
BRDA:37,2,0,4
BRDA:37,2,1,5
BRDA:57,3,0,1
BRDA:57,3,1,0
BRDA:87,4,0,0
BRDA:87,4,1,0
BRF:10
BRH:6
end_of_record
TN:
SF:src\components\Cart.js
FN:6,(anonymous_0)
FN:7,(anonymous_1)
FN:13,(anonymous_2)
FNF:3
FNH:3
FNDA:4,(anonymous_0)
FNDA:8,(anonymous_1)
FNDA:1,(anonymous_2)
DA:6,1
DA:7,8
DA:9,4
DA:11,4
DA:13,4
DA:14,1
DA:17,4
LF:7
LH:7
BRDA:27,0,0,4
BRDA:27,0,1,2
BRF:2
BRH:2
end_of_record
TN:
SF:src\components\Contact.js
FN:1,(anonymous_0)
FNF:1
FNH:1
FNDA:4,(anonymous_0)
DA:1,1
DA:2,4
LF:2
LH:2
BRF:0
BRH:0
end_of_record
TN:
SF:src\components\Header.js
FN:6,(anonymous_0)
FN:9,(anonymous_1)
FN:40,(anonymous_2)
FNF:3
FNH:3
FNDA:9,(anonymous_0)
FNDA:17,(anonymous_1)
FNDA:1,(anonymous_2)
DA:6,2
DA:7,9
DA:9,17
DA:11,9
DA:41,1
LF:5
LH:5
BRDA:41,0,0,1
BRDA:41,0,1,0
BRF:2
BRH:1
end_of_record
TN:
SF:src\components\ItemList.js
FN:6,(anonymous_0)
FN:9,(anonymous_1)
FN:16,(anonymous_2)
FN:34,(anonymous_3)
FNF:4
FNH:4
FNDA:5,(anonymous_0)
FNDA:2,(anonymous_1)
FNDA:8,(anonymous_2)
FNDA:2,(anonymous_3)
DA:6,1
DA:7,5
DA:9,5
DA:11,2
DA:14,5
DA:17,8
DA:34,2
LF:7
LH:7
BRDA:21,0,0,5
BRDA:21,0,1,3
BRDA:26,1,0,8
BRDA:26,1,1,8
BRDA:48,2,0,8
BRDA:48,2,1,1
BRF:6
BRH:6
end_of_record
TN:
SF:src\components\RestaurantCard.js
FN:3,(anonymous_0)
FN:36,(anonymous_1)
FN:37,(anonymous_2)
FNF:3
FNH:2
FNDA:1,(anonymous_0)
FNDA:9,(anonymous_1)
FNDA:0,(anonymous_2)
DA:3,2
DA:4,1
DA:13,1
DA:15,1
DA:36,2
DA:37,9
DA:38,0
LF:7
LH:6
BRDA:13,0,0,1
BRDA:13,0,1,1
BRF:2
BRH:2
end_of_record
TN:
SF:src\components\RestaurantCategory.js
FN:4,(anonymous_0)
FNF:1
FNH:1
FNDA:50,(anonymous_0)
DA:4,1
DA:5,50
LF:2
LH:2
BRDA:16,0,0,1
BRDA:16,0,1,49
BRDA:22,1,0,50
BRDA:22,1,1,1
BRF:4
BRH:4
end_of_record
TN:
SF:src\components\RestaurantMenu.js
FN:8,(anonymous_0)
FN:14,(anonymous_1)
FN:31,(anonymous_2)
FN:45,(anonymous_3)
FN:50,(anonymous_4)
FNF:5
FNH:5
FNDA:3,(anonymous_0)
FNDA:1,(anonymous_1)
FNDA:58,(anonymous_2)
FNDA:50,(anonymous_3)
FNDA:1,(anonymous_4)
DA:8,1
DA:9,3
DA:10,3
DA:12,3
DA:14,3
DA:15,1
DA:16,0
DA:18,1
DA:22,3
DA:23,1
DA:27,2
DA:30,2
DA:32,58
DA:36,2
DA:46,50
DA:50,1
LF:16
LH:15
BRDA:15,0,0,0
BRDA:15,0,1,1
BRDA:22,1,0,1
BRDA:22,1,1,2
BRF:4
BRH:3
end_of_record
TN:
SF:src\components\Shimmer.js
FN:1,(anonymous_0)
FNF:1
FNH:1
FNDA:5,(anonymous_0)
DA:1,2
DA:2,5
LF:2
LH:2
BRF:0
BRH:0
end_of_record
TN:
SF:src\components\sum.js
FN:1,(anonymous_0)
FNF:1
FNH:1
FNDA:1,(anonymous_0)
DA:1,1
DA:2,1
LF:2
LH:2
BRF:0
BRH:0
end_of_record
TN:
SF:src\utils\appStore.js
FNF:0
FNH:0
DA:4,2
LF:1
LH:1
BRF:0
BRH:0
end_of_record
TN:
SF:src\utils\cartSlice.js
FN:9,(anonymous_0)
FN:13,(anonymous_1)
FN:17,(anonymous_2)
FNF:3
FNH:2
FNDA:2,(anonymous_0)
FNDA:0,(anonymous_1)
FNDA:1,(anonymous_2)
DA:3,2
DA:11,2
DA:14,0
DA:19,1
DA:24,2
LF:5
LH:4
BRF:0
BRH:0
end_of_record
TN:
SF:src\utils\constants.js
FNF:0
FNH:0
DA:2,4
DA:5,4
DA:8,4
LF:3
LH:3
BRF:0
BRH:0
end_of_record
TN:
SF:src\utils\useFetchData.js
FN:3,(anonymous_0)
FN:6,(anonymous_1)
FN:10,(anonymous_2)
FNF:3
FNH:3
FNDA:12,(anonymous_0)
FNDA:3,(anonymous_1)
FNDA:3,(anonymous_2)
DA:3,2
DA:4,12
DA:6,12
DA:7,3
DA:10,12
DA:11,3
DA:12,3
DA:13,3
DA:16,12
LF:9
LH:9
BRF:0
BRH:0
end_of_record
TN:
SF:src\utils\useOnlineStatus.js
FN:3,(anonymous_0)
FN:6,(anonymous_1)
FN:7,(anonymous_2)
FN:10,(anonymous_3)
FNF:4
FNH:2
FNDA:9,(anonymous_0)
FNDA:2,(anonymous_1)
FNDA:0,(anonymous_2)
FNDA:0,(anonymous_3)
DA:3,1
DA:4,9
DA:6,9
DA:7,2
DA:8,0
DA:10,2
DA:11,0
DA:14,9
LF:8
LH:6
BRF:0
BRH:0
end_of_record
